[[[[[ ~/git/home-net ]]]]]

=> Started proxy.
=> Started MongoDB.
=> Started your app.

=> App running at: http://localhost:3000/
=> Server modified -- restarting...[[[[[ ~/git/home-net ]]]]]

=> Started proxy.
=> Started MongoDB.
=> Started your app.

=> App running at: http://localhost:3000/
=> Server modified -- restarting...                                   => Meteor server restarted
=> Server modified -- restarting...                                   => Meteor server restarted
=> Client modified -- refreshing=> Client modified -- refreshing (x2)=> Client modified -- refreshing (x3)[[[[[ ~/git/home-net ]]]]]

=> Started proxy.
=> Started MongoDB.
=> Started your app.

=> App running at: http://localhost:3000/
=> Server modified -- restarting...                                   => Meteor server restarted
=> Server modified -- restarting...                                   => Meteor server restarted[[[[[ ~/git/home-net ]]]]]

=> Started proxy.
=> Started MongoDB.
=> Started your app.

=> App running at: http://localhost:3000/
=> A patch (Meteor 1.4.2.5) for your current release is available!
   Update this project now with 'meteor update --patch'.
=> Server modified -- restarting...                                   Your app has been updated to Meteor 1.4.2.5 from Meteor 1.4.2.3. Restart meteor
to use the new release.
[[[[[ ~/git/home-net ]]]]]

=> Started proxy.
=> Started MongoDB.
=> Started your app.

=> App running at: http://localhost:3000/
=> Client modified -- refreshing=> Client modified -- refreshing (x2)=> Client modified -- refreshing (x3)=> Client modified -- refreshing (x4)=> Client modified -- refreshing (x5)=> Client modified -- refreshing (x6)=> Client modified -- refreshing (x7)